C51 COMPILER V9.60.7.0   MAIN                                                              07/19/2023 04:51:27 PAGE 1   


C51 COMPILER V9.60.7.0, COMPILATION OF MODULE MAIN
OBJECT MODULE PLACED IN .\Objects\main.obj
COMPILER INVOKED BY: C:\Program Files\Keil_v5\C51\BIN\C51.EXE main.c OPTIMIZE(8,SPEED) BROWSE DEBUG OBJECTEXTEND PRINT(.
                    -\Listings\main.lst) OBJECT(.\Objects\main.obj)

line level    source

   1          #include "defines.h"
   2          #include "utilities.h"
   3          
   4          void main()
   5          {
   6   1          while (TRUE)
   7   1          {
   8   2              NixieTubeNumberDisplay(0, 5);
   9   2              NixieTubeAlphaDisplay(1, 'b');
  10   2              NixieTubeAlphaDisplay(2, 'g');
  11   2              NixieTubeAlphaDisplay(3, 'a');
  12   2          }
  13   1      }


MODULE INFORMATION:   STATIC OVERLAYABLE
   CODE SIZE        =    130    ----
   CONSTANT SIZE    =   ----    ----
   XDATA SIZE       =   ----    ----
   PDATA SIZE       =   ----    ----
   DATA SIZE        =     43       2
   IDATA SIZE       =   ----    ----
   BIT SIZE         =   ----    ----
END OF MODULE INFORMATION.


C51 COMPILATION COMPLETE.  0 WARNING(S),  0 ERROR(S)
