C51 COMPILER V9.60.7.0   MAIN                                                              08/20/2023 02:32:42 PAGE 1   


C51 COMPILER V9.60.7.0, COMPILATION OF MODULE MAIN
OBJECT MODULE PLACED IN .\Objects\main.obj
COMPILER INVOKED BY: C:\Program Files\Keil_v5\C51\BIN\C51.EXE main.c OPTIMIZE(8,SPEED) BROWSE DEBUG OBJECTEXTEND PRINT(.
                    -\Listings\main.lst) OBJECT(.\Objects\main.obj)

line level    source

   1          #include "main.h"
   2          
   3          int8_t keyDown;
   4          enum LEDMode LEDMoveMode = FORWARD;
   5          
   6          void main()
   7          {
   8   1          Timer0Init();
   9   1      
  10   1          while (TRUE)
  11   1          {
  12   2              keyDown = IndividualKey_Scan();
  13   2              if (keyDown == -1)
  14   2                  continue;
  15   2              switch (keyDown)
  16   2              {
  17   3              case BUTTON_RIGHT:
  18   3                  LEDMoveMode = FORWARD;
  19   3                  break;
  20   3              case BUTTON_LEFT:
  21   3                  LEDMoveMode = BACKWARD;
  22   3                  break;
  23   3              default:
  24   3                  break;
  25   3              }
  26   2          }
  27   1      }
  28          
  29          void Timer0_ISR() interrupt 1
  30          {
  31   1          static uint16_t T0Counter = 0;
  32   1          static int8_t LEDLightId = 0;
  33   1      
  34   1          InitTimer0Counter();
  35   1      
  36   1          T0Counter++;
  37   1          if (T0Counter >= LED_MOVE_INTERVAL_MS)
  38   1          {
  39   2              T0Counter = 0;
  40   2              switch (LEDMoveMode)
  41   2              {
  42   3              case FORWARD:
  43   3                  LED_OFF(LEDLightId);
  44   3                  LEDLightId++;
  45   3                  if (LEDLightId >= LED_NUM)
  46   3                  {
  47   4                      LEDLightId = 0;
  48   4                  }
  49   3                  LED_ON(LEDLightId);
  50   3                  break;
  51   3      
  52   3              case BACKWARD:
  53   3                  LED_OFF(LEDLightId);
  54   3                  LEDLightId--;
C51 COMPILER V9.60.7.0   MAIN                                                              08/20/2023 02:32:42 PAGE 2   

  55   3                  if (LEDLightId < 0)
  56   3                  {
  57   4                      LEDLightId = LED_NUM - 1;
  58   4                  }
  59   3                  LED_ON(LEDLightId);
  60   3                  break;
  61   3              }
  62   2          }
  63   1      }


MODULE INFORMATION:   STATIC OVERLAYABLE
   CODE SIZE        =    210    ----
   CONSTANT SIZE    =   ----    ----
   XDATA SIZE       =   ----    ----
   PDATA SIZE       =   ----    ----
   DATA SIZE        =      5    ----
   IDATA SIZE       =   ----    ----
   BIT SIZE         =   ----    ----
END OF MODULE INFORMATION.


C51 COMPILATION COMPLETE.  0 WARNING(S),  0 ERROR(S)
