C51 COMPILER V9.60.7.0   MAIN                                                              08/20/2023 17:13:49 PAGE 1   


C51 COMPILER V9.60.7.0, COMPILATION OF MODULE MAIN
OBJECT MODULE PLACED IN .\Objects\main.obj
COMPILER INVOKED BY: C:\Program Files\Keil_v5\C51\BIN\C51.EXE main.c OPTIMIZE(8,SPEED) BROWSE DEBUG OBJECTEXTEND PRINT(.
                    -\Listings\main.lst) OBJECT(.\Objects\main.obj)

line level    source

   1          #include "main.h"
   2          
   3          static uint16_t T0Counter = 0;
   4          static uint8_t hour = 0, minute = 0, second = 0;
   5          
   6          static void Initialize()
   7          {
   8   1          LCD_Init();
   9   1          Timer0Init();
  10   1      }
  11          
  12          void main()
  13          {
  14   1          Initialize();
  15   1      
  16   1          LCD_ShowString(1, 1, "Clock:");
  17   1          ON_INTERRUPT();
  18   1      
  19   1          while (TRUE)
  20   1          {
  21   2      
  22   2              LCD_ShowNum(2, 1, hour, 2);
  23   2              LCD_ShowChar(2, 3, ':');
  24   2              LCD_ShowNum(2, 4, minute, 2);
  25   2              LCD_ShowChar(2, 6, ':');
  26   2              LCD_ShowNum(2, 7, second, 2);
  27   2          }
  28   1      }
  29          void Timer0_ISR() interrupt 1
  30          {
  31   1          InitTimer0Counter();
  32   1          T0Counter++;
  33   1          if (T0Counter >= 1000)
  34   1          {
  35   2              T0Counter = 0;
  36   2              second++;
  37   2              if (second >= 60)
  38   2              {
  39   3                  second = 0;
  40   3                  minute++;
  41   3              }
  42   2              if (minute >= 60)
  43   2              {
  44   3                  minute = 0;
  45   3                  hour++;
  46   3              }
  47   2              if (hour >= 100)
  48   2              {
  49   3                  hour = 0;
  50   3              }
  51   2          }
  52   1      }


C51 COMPILER V9.60.7.0   MAIN                                                              08/20/2023 17:13:49 PAGE 2   

MODULE INFORMATION:   STATIC OVERLAYABLE
   CODE SIZE        =    206    ----
   CONSTANT SIZE    =      7    ----
   XDATA SIZE       =   ----    ----
   PDATA SIZE       =   ----    ----
   DATA SIZE        =      5    ----
   IDATA SIZE       =   ----    ----
   BIT SIZE         =   ----    ----
END OF MODULE INFORMATION.


C51 COMPILATION COMPLETE.  0 WARNING(S),  0 ERROR(S)
