C51 COMPILER V9.60.7.0   MAIN                                                              02/19/2023 15:46:06 PAGE 1   


C51 COMPILER V9.60.7.0, COMPILATION OF MODULE MAIN
OBJECT MODULE PLACED IN .\Objects\main.obj
COMPILER INVOKED BY: C:\Program Files\Keil_v5\C51\BIN\C51.EXE main.c OPTIMIZE(8,SPEED) BROWSE DEBUG OBJECTEXTEND PRINT(.
                    -\Listings\main.lst) OBJECT(.\Objects\main.obj)

line level    source

   1          #include "main.h"
   2          
   3          int main()
   4          {
   5   1              unsigned short int LEDDisplay = 128;
   6   1              while (1)
   7   1              {
   8   2                      if (CheckButton(0) == BUTTON_DOWN)
   9   2                      {
  10   3                              LEDDisplay--;
  11   3                              if (LEDDisplay >= 128)
  12   3                                      LEDDisplay = 128;
  13   3                      }
  14   2                      else if (CheckButton(1) == BUTTON_DOWN)
  15   2                      {
  16   3                              LEDDisplay++;
  17   3                              if (LEDDisplay >= 128)
  18   3                                      LEDDisplay = 0;
  19   3                      }
  20   2                      P2 = ~LEDDisplay;
  21   2                      Sleep(20);
  22   2              }
  23   1              return 0;
  24   1      }
*** WARNING C294 IN LINE 49 OF main.c: unreachable code
*** WARNING C294 IN LINE 23 OF main.c: unreachable code


MODULE INFORMATION:   STATIC OVERLAYABLE
   CODE SIZE        =    188    ----
   CONSTANT SIZE    =   ----    ----
   XDATA SIZE       =   ----    ----
   PDATA SIZE       =   ----    ----
   DATA SIZE        =   ----       8
   IDATA SIZE       =   ----    ----
   BIT SIZE         =   ----    ----
END OF MODULE INFORMATION.


C51 COMPILATION COMPLETE.  2 WARNING(S),  0 ERROR(S)
