C51 COMPILER V9.60.7.0   INDIVIDUAL_KEY                                                    08/20/2023 01:46:36 PAGE 1   


C51 COMPILER V9.60.7.0, COMPILATION OF MODULE INDIVIDUAL_KEY
OBJECT MODULE PLACED IN .\Objects\individual_key.obj
COMPILER INVOKED BY: C:\Program Files\Keil_v5\C51\BIN\C51.EXE lib\individual_key.c OPTIMIZE(8,SPEED) BROWSE DEBUG OBJECT
                    -EXTEND PRINT(.\Listings\individual_key.lst) OBJECT(.\Objects\individual_key.obj)

line level    source

   1          #include "individual_key.h"
   2          #include "REGX52.H"
   3          #include "stdint.h"
   4          #include "utilities.h"
   5          
   6          // 返回按下的独立按键编号,没按下返回-1
   7          int IndividualKey_Scan(void)
   8          {
   9   1          uint8_t keyDown = -1;
  10   1      #define CheckButtonDown(buttonRegisterId, keyId) \
  11   1          if (buttonRegisterId == 0)                   \
  12   1          {                                            \
  13   1              Sleep(20);                               \
  14   1              while (buttonRegisterId == 0)            \
  15   1                  ;                                    \
  16   1              Sleep(20);                               \
  17   1              keyDown = keyId;                         \
  18   1          }
  19   1      
  20   1          CheckButtonDown(P2_0, 0);
  21   1          CheckButtonDown(P2_1, 1);
  22   1          CheckButtonDown(P2_2, 2);
  23   1          CheckButtonDown(P2_3, 3);
  24   1      
  25   1          return keyDown;
  26   1      }


MODULE INFORMATION:   STATIC OVERLAYABLE
   CODE SIZE        =    132    ----
   CONSTANT SIZE    =   ----    ----
   XDATA SIZE       =   ----    ----
   PDATA SIZE       =   ----    ----
   DATA SIZE        =   ----       1
   IDATA SIZE       =   ----    ----
   BIT SIZE         =   ----    ----
END OF MODULE INFORMATION.


C51 COMPILATION COMPLETE.  0 WARNING(S),  0 ERROR(S)
