C51 COMPILER V9.60.7.0   INIT                                                              08/19/2023 23:43:56 PAGE 1   


C51 COMPILER V9.60.7.0, COMPILATION OF MODULE INIT
OBJECT MODULE PLACED IN .\Objects\init.obj
COMPILER INVOKED BY: C:\Program Files\Keil_v5\C51\BIN\C51.EXE lib\init.c OPTIMIZE(8,SPEED) BROWSE DEBUG OBJECTEXTEND PRI
                    -NT(.\Listings\init.lst) OBJECT(.\Objects\init.obj)

line level    source

   1          #include "init.h"
   2          #include "LCD1602.h"
   3          #include "timer.h"
   4          #include "utilities.h"
   5          
   6          void InitAll(void)
   7          {
   8   1          LCD_Init(); // 初始化LCD1602
   9   1          LCD_ShowString(1, 1, "LCD_Init Done.");
  10   1          Timer0Init(); // 初始化定时器0
*** WARNING C206 IN LINE 10 OF lib\init.c: 'Timer0Init': missing function-prototype
  11   1          LCD_ShowString(1, 1, "Time0InitDone.");
  12   1          LCD_ShowString(1, 1, "InitAll Done.");
  13   1      }


MODULE INFORMATION:   STATIC OVERLAYABLE
   CODE SIZE        =     45    ----
   CONSTANT SIZE    =     44    ----
   XDATA SIZE       =   ----    ----
   PDATA SIZE       =   ----    ----
   DATA SIZE        =   ----    ----
   IDATA SIZE       =   ----    ----
   BIT SIZE         =   ----    ----
END OF MODULE INFORMATION.


C51 COMPILATION COMPLETE.  1 WARNING(S),  0 ERROR(S)
