C51 COMPILER V9.60.7.0   MAIN                                                              08/20/2023 01:56:16 PAGE 1   


C51 COMPILER V9.60.7.0, COMPILATION OF MODULE MAIN
OBJECT MODULE PLACED IN .\Objects\main.obj
COMPILER INVOKED BY: C:\Program Files\Keil_v5\C51\BIN\C51.EXE main.c OPTIMIZE(8,SPEED) BROWSE DEBUG OBJECTEXTEND PRINT(.
                    -\Listings\main.lst) OBJECT(.\Objects\main.obj)

line level    source

   1          #include "lib/LCD1602.h"
   2          #include "lib/defines.h"
   3          #include "lib/individual_key.h"
   4          #include "lib/init.h"
   5          #include "lib/timer.h"
   6          #include "lib/utilities.h"
   7          
   8          void Time0RoutineHandler(void);
   9          
  10          void main()
  11          {
  12   1          InitAll();
  13   1      
  14   1          while (TRUE)
  15   1          {
  16   2              // your codes are here
  17   2              int8_t keyDown = IndividualKey_Scan();
  18   2              if (keyDown != -1)
  19   2              {
  20   3                  LCD_ShowSignedNum(1, 1, keyDown, 2);
  21   3              }
  22   2          }
  23   1      }
  24          
  25          // 定时器0产生中断的中断处理函数
  26          void Time0RoutineHandler() interrupt 1
  27          {
  28   1      
  29   1          static uint16_t counter = 0;
  30   1          static uint8_t seconds = 0;
  31   1          InitTimer0Counter();
  32   1          counter++;
  33   1          if (counter >= 1000)
  34   1          {
  35   2              counter = 0;
  36   2              seconds++;
  37   2              // LCD_ShowNum(2, 1, seconds, 4);
  38   2          }
  39   1      }


MODULE INFORMATION:   STATIC OVERLAYABLE
   CODE SIZE        =    115    ----
   CONSTANT SIZE    =   ----    ----
   XDATA SIZE       =   ----    ----
   PDATA SIZE       =   ----    ----
   DATA SIZE        =      3       1
   IDATA SIZE       =   ----    ----
   BIT SIZE         =   ----    ----
END OF MODULE INFORMATION.


C51 COMPILATION COMPLETE.  0 WARNING(S),  0 ERROR(S)
