C51 COMPILER V9.60.7.0   MAIN                                                              07/19/2023 04:20:40 PAGE 1   


C51 COMPILER V9.60.7.0, COMPILATION OF MODULE MAIN
OBJECT MODULE PLACED IN .\Objects\main.obj
COMPILER INVOKED BY: C:\Program Files\Keil_v5\C51\BIN\C51.EXE main.c OPTIMIZE(8,SPEED) BROWSE DEBUG OBJECTEXTEND PRINT(.
                    -\Listings\main.lst) OBJECT(.\Objects\main.obj)

line level    source

   1          #include "defines.h"
   2          #include "utilities.h"
   3          #include <REGX52.h>
   4          
   5          void NixieTubeDisplay(uint8_t location, uint8_t number)
   6          {
   7   1          static uint8_t numberToNixieSign[] = {0x3F, 0x06, 0x5B, 0x4F, 0x66, 0x6D, 0x7D, 0x07, 0x7F, 0x6F, 0x77
             -, 0x7C, 0x39, 0x5E, 0x79, 0x71, 0x00};
   8   1      
   9   1          // 反转LED位置，使左边第一个LED从原来的LED8变成LED7
  10   1          location = 7 - location;
  11   1      
  12   1          P2_2 = location & 1;
  13   1          P2_3 = location & 1 << 1;
  14   1          P2_4 = location & 1 << 2;
  15   1      
  16   1          P0 = numberToNixieSign[number];
  17   1      }
  18          
  19          void main()
  20          {
  21   1          NixieTubeDisplay(7, 0xF);
  22   1          while (TRUE)
  23   1          {
  24   2              // your codes are here
  25   2          }
  26   1      }


MODULE INFORMATION:   STATIC OVERLAYABLE
   CODE SIZE        =     66    ----
   CONSTANT SIZE    =   ----    ----
   XDATA SIZE       =   ----    ----
   PDATA SIZE       =   ----    ----
   DATA SIZE        =     17       2
   IDATA SIZE       =   ----    ----
   BIT SIZE         =   ----    ----
END OF MODULE INFORMATION.


C51 COMPILATION COMPLETE.  0 WARNING(S),  0 ERROR(S)
