C51 COMPILER V9.60.7.0   MAIN                                                              07/19/2023 01:48:58 PAGE 1   


C51 COMPILER V9.60.7.0, COMPILATION OF MODULE MAIN
OBJECT MODULE PLACED IN .\Objects\main.obj
COMPILER INVOKED BY: C:\Program Files\Keil_v5\C51\BIN\C51.EXE main.c OPTIMIZE(8,SPEED) BROWSE DEBUG OBJECTEXTEND PRINT(.
                    -\Listings\main.lst) OBJECT(.\Objects\main.obj)

line level    source

   1          #include "defines.h"
   2          #include "utilities.h"
   3          #include <REGX52.h>
   4          void main()
   5          {
   6   1          int8_t LEDOnLightId = 0;
   7   1          while (TRUE)
   8   1          {
   9   2              // right
  10   2              if (P3_3 == 0)
  11   2              {
  12   3                  Sleep(20);
  13   3                  while (P3_3 == 0)
  14   3                  {
  15   4                  }
  16   3                  Sleep(20);
  17   3      
  18   3                  LEDOnLightId++;
  19   3                  if (LEDOnLightId > 7)
  20   3                  {
  21   4                      LEDOnLightId = 0;
  22   4                  }
  23   3              }
  24   2      
  25   2              // left
  26   2              if (P3_1 == 0)
  27   2              {
  28   3                  Sleep(20);
  29   3                  while (P3_1 == 0)
  30   3                  {
  31   4                  }
  32   3                  Sleep(20);
  33   3      
  34   3                  LEDOnLightId--;
  35   3                  if (LEDOnLightId < 0)
  36   3                  {
  37   4                      LEDOnLightId = 7;
  38   4                  }
  39   3              }
  40   2              P2 = ~(0x01 << LEDOnLightId);
  41   2          }
  42   1      }


MODULE INFORMATION:   STATIC OVERLAYABLE
   CODE SIZE        =    109    ----
   CONSTANT SIZE    =   ----    ----
   XDATA SIZE       =   ----    ----
   PDATA SIZE       =   ----    ----
   DATA SIZE        =   ----       3
   IDATA SIZE       =   ----    ----
   BIT SIZE         =   ----    ----
END OF MODULE INFORMATION.


C51 COMPILATION COMPLETE.  0 WARNING(S),  0 ERROR(S)
