C51 COMPILER V9.60.7.0   MAIN                                                              08/24/2023 04:42:22 PAGE 1   


C51 COMPILER V9.60.7.0, COMPILATION OF MODULE MAIN
OBJECT MODULE PLACED IN .\Objects\main.obj
COMPILER INVOKED BY: C:\Program Files\Keil_v5\C51\BIN\C51.EXE main.c OPTIMIZE(8,SPEED) BROWSE DEBUG OBJECTEXTEND PRINT(.
                    -\Listings\main.lst) OBJECT(.\Objects\main.obj)

line level    source

   1          #include "main.h"
   2          
   3          static void Initialize()
   4          {
   5   1          Timer0Init();
   6   1          LCD_Init();
   7   1          UART_Init();
   8   1      }
   9          
  10          void main()
  11          {
  12   1          Initialize();
  13   1      
  14   1          while (TRUE)
  15   1          {
  16   2              // your codes here
  17   2              UART_SendByte(0x11);
  18   2              Sleep(100);
  19   2          }
  20   1      }
  21          void Timer0_ISR() interrupt 1
  22          {
  23   1          InitTimer0Counter();
  24   1          // Timer0_ISR codes here
  25   1      }


MODULE INFORMATION:   STATIC OVERLAYABLE
   CODE SIZE        =     89    ----
   CONSTANT SIZE    =   ----    ----
   XDATA SIZE       =   ----    ----
   PDATA SIZE       =   ----    ----
   DATA SIZE        =   ----    ----
   IDATA SIZE       =   ----    ----
   BIT SIZE         =   ----    ----
END OF MODULE INFORMATION.


C51 COMPILATION COMPLETE.  0 WARNING(S),  0 ERROR(S)
