C51 COMPILER V9.60.7.0   MAIN                                                              07/22/2023 16:21:57 PAGE 1   


C51 COMPILER V9.60.7.0, COMPILATION OF MODULE MAIN
OBJECT MODULE PLACED IN .\Objects\main.obj
COMPILER INVOKED BY: C:\Program Files\Keil_v5\C51\BIN\C51.EXE main.c OPTIMIZE(8,SPEED) BROWSE DEBUG OBJECTEXTEND PRINT(.
                    -\Listings\main.lst) OBJECT(.\Objects\main.obj)

line level    source

   1          #include "lib/LCD1602.h"
   2          #include "lib/defines.h"
   3          #include "lib/matrix_key.h"
   4          #include "lib/utilities.h"
   5          void main()
   6          {
   7   1          int scanValue = 0;
   8   1          int lastButtonDown = 0;
   9   1      
  10   1          LCD_Init();
  11   1          LCD_ShowString(1, 1, "Input Password:");
  12   1          while (TRUE)
  13   1          {
  14   2              LCD_ShowString(2, 6, "Entered");
  15   2              scanValue = MatrixKey_Scan();
  16   2              lastButtonDown = scanValue == 0 ? lastButtonDown : scanValue;
  17   2              LCD_ShowNum(1, 1, lastButtonDown, 2);
  18   2          }
  19   1      }


MODULE INFORMATION:   STATIC OVERLAYABLE
   CODE SIZE        =     82    ----
   CONSTANT SIZE    =     24    ----
   XDATA SIZE       =   ----    ----
   PDATA SIZE       =   ----    ----
   DATA SIZE        =   ----       4
   IDATA SIZE       =   ----    ----
   BIT SIZE         =   ----    ----
END OF MODULE INFORMATION.


C51 COMPILATION COMPLETE.  0 WARNING(S),  0 ERROR(S)
