C51 COMPILER V9.60.7.0   UTILITIES                                                         07/22/2023 16:58:17 PAGE 1   


C51 COMPILER V9.60.7.0, COMPILATION OF MODULE UTILITIES
OBJECT MODULE PLACED IN .\Objects\utilities.obj
COMPILER INVOKED BY: C:\Program Files\Keil_v5\C51\BIN\C51.EXE lib\utilities.c OPTIMIZE(8,SPEED) BROWSE DEBUG OBJECTEXTEN
                    -D PRINT(.\Listings\utilities.lst) OBJECT(.\Objects\utilities.obj)

line level    source

   1          #include "utilities.h"
   2          
   3          void Sleep(uint32_t msTime)
   4          {
   5   1          while (msTime--)
   6   1          {
   7   2              Delay1ms();
   8   2          }
   9   1      }
  10          void Delay1ms() //@12.000MHz
  11          {
  12   1          unsigned char i, j;
  13   1      
  14   1          i = 2;
  15   1          j = 239;
  16   1          do
  17   1          {
  18   2              while (--j)
  19   2                  ;
  20   2          } while (--i);
  21   1      }
  22          
  23          /*
  24              数码管显示数字
  25              location:从左到右8个LED编号0~7
  26              number:0x0~0xF
  27          */
  28          static uint8_t numberToNixieSign[] = {0x3F, 0x06, 0x5B, 0x4F, 0x66, 0x6D, 0x7D, 0x07, 0x7F, 0x6F, 0x77, 0x
             -7C, 0x39, 0x5E, 0x79, 0x71, 0x00};
  29          void NixieTubeNumberDisplay(uint8_t location, uint8_t number)
  30          {
  31   1          // LED消影
  32   1          Delay1ms();
  33   1          P0 = 0x00;
  34   1      
  35   1          // 反转LED位置，使左边第一个LED从原来的LED8变成LED7
  36   1          location = 7 - location;
  37   1      
  38   1          P2_2 = location & 1;
  39   1          P2_3 = location & 1 << 1;
  40   1          P2_4 = location & 1 << 2;
  41   1      
  42   1          P0 = numberToNixieSign[number];
  43   1      }
  44          /*
  45              数码管显示字母
  46              location:从左到右8个LED编号0~7
  47              alpha:'a'~'z'共26个字母
  48          */
  49          
  50          static uint8_t alphaToNixieSign[] = {0x77, 0x7c, 0x39, 0x5e, 0x79, 0x71, 0x3d, 0x76, 0x0f, 0x0e,
  51                                               0x75, 0x38, 0x37, 0x54, 0x5c, 0x73, 0x67, 0x31, 0x49, 0x78,
  52                                               0x3e, 0x1c, 0x7e, 0x64, 0x6e, 0x59};
  53          void NixieTubeAlphaDisplay(uint8_t location, uint8_t alpha)
C51 COMPILER V9.60.7.0   UTILITIES                                                         07/22/2023 16:58:17 PAGE 2   

  54          {
  55   1          // LED消影
  56   1          Delay1ms();
  57   1          P0 = 0x00;
  58   1      
  59   1          // 反转LED位置，使左边第一个LED从原来的LED8变成LED7
  60   1          location = 7 - location;
  61   1      
  62   1          P2_2 = location & 1;
  63   1          P2_3 = location & 1 << 1;
  64   1          P2_4 = location & 1 << 2;
  65   1      
  66   1          // alpha to id
  67   1          alpha = alpha - 'a' + 0;
  68   1      
  69   1          P0 = alphaToNixieSign[alpha];
  70   1      }


MODULE INFORMATION:   STATIC OVERLAYABLE
   CODE SIZE        =    104    ----
   CONSTANT SIZE    =   ----    ----
   XDATA SIZE       =   ----    ----
   PDATA SIZE       =   ----    ----
   DATA SIZE        =     43       4
   IDATA SIZE       =   ----    ----
   BIT SIZE         =   ----    ----
END OF MODULE INFORMATION.


C51 COMPILATION COMPLETE.  0 WARNING(S),  0 ERROR(S)
